{
  "RSpec": {
    "coverage": {
      "/Users/paulwallis/Projects/final_project/ignite_it/app/models/user.rb": [
        1,
        1,
        null,
        1,
        null,
        null,
        1,
        null,
        1,
        null,
        null,
        null,
        null,
        null,
        1,
        1,
        1,
        1,
        1,
        null,
        1,
        1,
        null,
        76,
        null,
        1,
        75,
        null,
        null,
        1,
        1,
        1,
        1,
        null,
        0,
        null,
        null,
        null,
        1,
        1,
        1,
        1,
        1,
        1,
        null,
        null,
        null,
        1,
        128,
        128,
        0,
        null,
        null,
        null,
        null,
        1,
        0,
        null,
        null
      ],
      "/Users/paulwallis/Projects/final_project/ignite_it/app/helpers/application_helper.rb": [
        1,
        1,
        0,
        0,
        0,
        0,
        0,
        null,
        null,
        null
      ],
      "/Users/paulwallis/Projects/final_project/ignite_it/app/helpers/blogs_helper.rb": [
        1,
        null
      ],
      "/Users/paulwallis/Projects/final_project/ignite_it/app/helpers/charges_helper.rb": [
        1,
        null
      ],
      "/Users/paulwallis/Projects/final_project/ignite_it/app/helpers/comments_helper.rb": [
        1,
        null
      ],
      "/Users/paulwallis/Projects/final_project/ignite_it/app/helpers/donations_helper.rb": [
        1,
        1,
        12,
        null,
        null,
        1,
        21,
        null,
        null
      ],
      "/Users/paulwallis/Projects/final_project/ignite_it/app/helpers/followers_helper.rb": [
        1,
        null
      ],
      "/Users/paulwallis/Projects/final_project/ignite_it/app/helpers/projects_helper.rb": [
        1,
        1,
        229,
        222,
        222,
        null,
        7,
        7,
        null,
        null,
        null,
        1,
        null,
        229,
        null,
        null,
        null,
        1,
        null,
        229,
        null,
        null,
        null,
        1,
        229,
        null,
        null,
        1,
        229,
        null,
        null,
        1,
        8,
        null,
        null,
        1,
        229,
        null,
        null,
        1,
        512,
        null,
        null
      ],
      "/Users/paulwallis/Projects/final_project/ignite_it/app/controllers/blogs_controller.rb": [
        1,
        1,
        1,
        null,
        1,
        11,
        11,
        1,
        1,
        null,
        10,
        null,
        null,
        null,
        1,
        10,
        10,
        10,
        10,
        null,
        null,
        1,
        2,
        2,
        2,
        1,
        1,
        null,
        null,
        null,
        1,
        1,
        1,
        1,
        1,
        null,
        null,
        1,
        2,
        2,
        2,
        1,
        1,
        null,
        1,
        null,
        2,
        null,
        null,
        1,
        11,
        null,
        null
      ],
      "/Users/paulwallis/Projects/final_project/ignite_it/app/controllers/application_controller.rb": [
        1,
        null,
        null,
        1,
        null,
        1,
        null,
        1,
        null,
        1,
        211,
        153,
        147,
        null,
        null
      ],
      "/Users/paulwallis/Projects/final_project/ignite_it/app/controllers/charges_controller.rb": [
        1,
        1,
        null,
        1,
        7,
        7,
        7,
        null,
        null,
        1,
        2,
        2,
        2,
        null,
        2,
        null,
        2,
        null,
        null,
        null,
        null,
        2,
        null,
        null,
        null,
        null,
        null,
        null,
        null,
        null,
        0,
        null,
        null
      ],
      "/Users/paulwallis/Projects/final_project/ignite_it/app/controllers/comments_controller.rb": [
        1,
        1,
        null,
        1,
        4,
        4,
        4,
        null,
        null,
        1,
        4,
        4,
        4,
        4,
        4,
        null,
        null,
        1,
        2,
        2,
        2,
        2,
        1,
        1,
        null,
        null,
        null,
        1,
        1,
        1,
        1,
        1,
        1,
        null,
        null,
        1,
        2,
        2,
        2,
        1,
        1,
        null,
        1,
        null,
        2,
        null,
        null,
        1,
        5,
        null,
        null,
        1,
        null,
        1,
        3,
        null,
        null
      ],
      "/Users/paulwallis/Projects/final_project/ignite_it/app/controllers/donations_controller.rb": [
        1,
        1,
        1,
        null,
        1,
        12,
        12,
        null,
        null,
        1,
        11,
        11,
        null,
        11,
        1,
        null,
        1,
        null,
        9,
        null,
        11,
        null,
        null,
        1,
        11,
        null,
        null
      ],
      "/Users/paulwallis/Projects/final_project/ignite_it/app/controllers/followers_controller.rb": [
        1,
        null,
        1,
        5,
        5,
        null,
        null,
        1,
        5,
        5,
        4,
        null,
        1,
        1,
        null,
        null,
        null,
        1,
        1,
        1,
        1,
        1,
        1,
        null,
        0,
        null,
        null,
        null
      ],
      "/Users/paulwallis/Projects/final_project/ignite_it/app/mailers/sign_up_confirmation.rb": [
        1,
        null,
        null,
        null,
        null,
        null,
        null,
        1,
        75,
        75,
        null,
        null,
        null,
        null,
        75,
        null,
        null
      ],
      "/Users/paulwallis/Projects/final_project/ignite_it/app/mailers/application_mailer.rb": [
        1,
        1,
        1,
        null
      ],
      "/Users/paulwallis/Projects/final_project/ignite_it/app/models/blog.rb": [
        1,
        1,
        1,
        null
      ],
      "/Users/paulwallis/Projects/final_project/ignite_it/app/models/comment.rb": [
        1,
        1,
        1,
        null,
        1,
        7,
        null,
        null
      ],
      "/Users/paulwallis/Projects/final_project/ignite_it/app/models/donation.rb": [
        1,
        1,
        1,
        1,
        null
      ],
      "/Users/paulwallis/Projects/final_project/ignite_it/app/models/follower.rb": [
        1,
        1,
        1,
        1,
        null
      ],
      "/Users/paulwallis/Projects/final_project/ignite_it/app/models/project.rb": [
        1,
        1,
        1,
        null,
        1,
        1,
        1,
        1,
        1,
        1,
        null,
        1,
        null,
        null,
        1,
        1,
        null,
        1,
        1,
        1,
        1,
        853,
        null,
        null,
        null,
        1,
        null,
        1,
        75,
        74,
        null,
        null,
        null,
        1,
        118,
        null,
        null,
        1,
        118,
        null,
        null,
        1,
        261,
        null,
        null,
        1,
        16,
        null,
        null,
        1,
        1413,
        null,
        null,
        1,
        891,
        null,
        null,
        1,
        265,
        null,
        null,
        1,
        120,
        6,
        114,
        5,
        null,
        109,
        null,
        null,
        null,
        1,
        280,
        null,
        null,
        1,
        238,
        null,
        null,
        1,
        243,
        null,
        null,
        1,
        156,
        null,
        null,
        1,
        26,
        null,
        null,
        1,
        128,
        null,
        null,
        1,
        126,
        50,
        null,
        null,
        1,
        516,
        null,
        null,
        1,
        516,
        null,
        null
      ],
      "/Users/paulwallis/Projects/final_project/ignite_it/app/controllers/projects_controller.rb": [
        1,
        1,
        1,
        null,
        1,
        229,
        229,
        229,
        null,
        229,
        null,
        229,
        229,
        229,
        128,
        128,
        null,
        101,
        101,
        null,
        null,
        229,
        null,
        null,
        1,
        50,
        null,
        null,
        1,
        50,
        50,
        50,
        50,
        43,
        null,
        7,
        null,
        null,
        null,
        1,
        117,
        117,
        null,
        null,
        null,
        null,
        null,
        null,
        null,
        1,
        3,
        3,
        1,
        1,
        null,
        null,
        null,
        1,
        2,
        2,
        2,
        2,
        2,
        null,
        null,
        1,
        2,
        2,
        1,
        1,
        null,
        1,
        null,
        2,
        null,
        null,
        1,
        102,
        null,
        null
      ],
      "/Users/paulwallis/Projects/final_project/ignite_it/app/models/with_user_association_extension.rb": [
        1,
        1,
        5,
        5,
        null,
        null
      ],
      "/Users/paulwallis/Projects/final_project/ignite_it/app/mailers/blogs_mailer.rb": [
        1,
        1,
        10,
        1,
        1,
        null,
        null,
        null,
        null,
        null,
        null,
        null,
        null,
        null,
        null,
        null
      ],
      "/Users/paulwallis/Projects/final_project/ignite_it/app/mailers/project_mailer.rb": [
        1,
        1,
        2,
        1,
        1,
        null,
        null,
        null,
        null,
        null,
        1,
        null,
        null,
        null,
        1,
        0,
        null,
        null,
        null,
        null,
        null,
        0,
        null,
        null
      ],
      "/Users/paulwallis/Projects/final_project/ignite_it/app/controllers/users/omniauth_callbacks_controller.rb": [
        1,
        1,
        null,
        1,
        null,
        1,
        0,
        null,
        null,
        1,
        1,
        1,
        null,
        0,
        0,
        null,
        null,
        null
      ]
    },
    "timestamp": 1432886847
  }
}
